2022-02-20 16:57:32,173 INFO [main] - Inserindo times.
2022-02-20 16:57:32,174 INFO [main] - Time 1 adicionado.
2022-02-20 16:57:32,178 INFO [main] - Time 2 adicionado.
2022-02-20 16:57:32,178 INFO [main] - Time 3 adicionado.
2022-02-20 16:57:32,178 INFO [main] - Time 4 adicionado.
2022-02-20 16:57:32,179 INFO [main] - Time 5 adicionado.
2022-02-20 16:57:32,179 INFO [main] - Time 6 adicionado.
2022-02-20 16:57:32,179 INFO [main] - Times adicionados.
2022-02-20 16:57:32,179 INFO [main] - Mostrando classificação.
2022-02-20 16:57:32,179 INFO [main] - Mostrando tabela.
2022-02-20 16:57:32,189 INFO [main] - Tabela apresentada.
2022-02-20 16:59:59,396 INFO [main] - Inserindo times.
2022-02-20 16:59:59,396 INFO [main] - Time 1 adicionado.
2022-02-20 16:59:59,400 INFO [main] - Time 2 adicionado.
2022-02-20 16:59:59,400 INFO [main] - Time 3 adicionado.
2022-02-20 16:59:59,400 INFO [main] - Time 4 adicionado.
2022-02-20 16:59:59,401 INFO [main] - Time 5 adicionado.
2022-02-20 16:59:59,401 INFO [main] - Time 6 adicionado.
2022-02-20 16:59:59,401 INFO [main] - Times adicionados.
2022-02-20 16:59:59,401 INFO [main] - Mostrando classificação.
2022-02-20 16:59:59,402 INFO [main] - Mostrando tabela.
2022-02-20 16:59:59,414 INFO [main] - Tabela apresentada.
2022-03-04 20:22:53,877 INFO [main] - Inserindo times.
2022-03-04 20:22:53,877 INFO [main] - Time 1 adicionado.
2022-03-04 20:22:53,882 INFO [main] - Time 2 adicionado.
2022-03-04 20:22:53,882 INFO [main] - Time 3 adicionado.
2022-03-04 20:22:53,882 INFO [main] - Time 4 adicionado.
2022-03-04 20:22:53,882 INFO [main] - Time 5 adicionado.
2022-03-04 20:22:53,882 INFO [main] - Time 6 adicionado.
2022-03-04 20:22:53,883 INFO [main] - Times adicionados.
2022-03-04 20:22:53,883 INFO [main] - Mostrando classificação.
2022-03-04 20:22:53,883 INFO [main] - Mostrando tabela.
2022-03-04 20:22:53,893 INFO [main] - Tabela apresentada.
2022-03-19 15:53:54,615 INFO [main] - Inserindo times.
2022-03-19 15:53:54,616 INFO [main] - Time 1 adicionado.
2022-03-19 15:53:54,622 INFO [main] - Time 2 adicionado.
2022-03-19 15:53:54,623 INFO [main] - Time 3 adicionado.
2022-03-19 15:53:54,623 INFO [main] - Time 4 adicionado.
2022-03-19 15:53:54,623 INFO [main] - Time 5 adicionado.
2022-03-19 15:53:54,624 INFO [main] - Time 6 adicionado.
2022-03-19 15:53:54,624 INFO [main] - Times adicionados.
2022-03-19 15:55:53,790 INFO [main] - Inserindo times.
2022-03-19 15:55:53,791 INFO [main] - Time 1 adicionado.
2022-03-19 15:55:53,799 INFO [main] - Time 2 adicionado.
2022-03-19 15:55:53,800 INFO [main] - Time 3 adicionado.
2022-03-19 15:55:53,800 INFO [main] - Time 4 adicionado.
2022-03-19 15:55:53,800 INFO [main] - Time 5 adicionado.
2022-03-19 15:55:53,800 INFO [main] - Time 6 adicionado.
2022-03-19 15:55:53,800 INFO [main] - Times adicionados.
2022-03-19 15:59:21,147 INFO [main] - Inserindo times.
2022-03-19 15:59:21,148 INFO [main] - Time 1 adicionado.
2022-03-19 15:59:21,155 INFO [main] - Time 2 adicionado.
2022-03-19 15:59:21,156 INFO [main] - Time 3 adicionado.
2022-03-19 15:59:21,156 INFO [main] - Time 4 adicionado.
2022-03-19 15:59:21,156 INFO [main] - Time 5 adicionado.
2022-03-19 15:59:21,156 INFO [main] - Time 6 adicionado.
2022-03-19 15:59:21,156 INFO [main] - Times adicionados.
2022-03-19 16:00:22,521 INFO [main] - Inserindo times.
2022-03-19 16:00:22,522 INFO [main] - Time 1 adicionado.
2022-03-19 16:00:22,530 INFO [main] - Time 2 adicionado.
2022-03-19 16:00:22,530 INFO [main] - Time 3 adicionado.
2022-03-19 16:00:22,531 INFO [main] - Time 4 adicionado.
2022-03-19 16:00:22,531 INFO [main] - Time 5 adicionado.
2022-03-19 16:00:22,531 INFO [main] - Time 6 adicionado.
2022-03-19 16:00:22,532 INFO [main] - Times adicionados.
2022-03-19 16:00:22,532 INFO [main] - Mostrando classificação.
2022-03-19 16:00:22,532 INFO [main] - Mostrando tabela.
2022-03-19 16:00:22,546 INFO [main] - Tabela apresentada.
2022-03-19 16:03:09,893 INFO [main] - Inserindo times.
2022-03-19 16:03:09,893 INFO [main] - Time 1 adicionado.
2022-03-19 16:03:09,900 INFO [main] - Time 2 adicionado.
2022-03-19 16:03:09,900 INFO [main] - Time 3 adicionado.
2022-03-19 16:03:09,900 INFO [main] - Time 4 adicionado.
2022-03-19 16:03:09,900 INFO [main] - Time 5 adicionado.
2022-03-19 16:03:09,900 INFO [main] - Time 6 adicionado.
2022-03-19 16:03:09,901 INFO [main] - Times adicionados.
2022-03-19 16:39:23,724 INFO [main] - Inserindo times.
2022-03-19 16:39:23,735 INFO [main] - Times adicionados.
2022-03-19 16:43:56,463 INFO [main] - Inserindo times.
2022-03-19 16:43:56,500 INFO [main] - Times adicionados.
2022-03-19 16:43:56,503 INFO [main] - Mostrando classificação.
2022-03-19 16:43:56,503 INFO [main] - Mostrando tabela.
2022-03-19 16:43:56,594 INFO [main] - Tabela apresentada.
2022-03-19 16:44:50,750 INFO [main] - Inserindo times.
2022-03-19 16:44:50,759 INFO [main] - Times adicionados.
2022-03-19 16:45:37,907 INFO [main] - Inserindo times.
2022-03-19 16:45:37,916 INFO [main] - Times adicionados.
2022-03-19 16:45:37,918 INFO [main] - Mostrando classificação.
2022-03-19 16:45:37,919 INFO [main] - Mostrando tabela.
2022-03-19 16:45:37,944 INFO [main] - Tabela apresentada.
2022-03-22 19:06:39,170 INFO [main] - Inserindo times.
2022-03-22 19:06:39,175 INFO [main] - Times adicionados.
2022-03-22 19:06:39,175 INFO [main] - Mostrando classificação.
2022-03-22 19:06:39,175 INFO [main] - Mostrando tabela.
2022-03-22 19:06:39,187 INFO [main] - Tabela apresentada.
2022-03-22 19:07:20,619 INFO [main] - Inserindo times.
2022-03-22 19:07:20,623 INFO [main] - Times adicionados.
2022-03-22 19:07:20,623 INFO [main] - Mostrando classificação.
2022-03-22 19:07:20,624 INFO [main] - Mostrando tabela.
2022-03-22 19:07:20,635 INFO [main] - Tabela apresentada.
2022-03-23 22:10:44,911 INFO [main] - Inserindo times.
2022-03-23 22:10:44,966 INFO [main] - Times adicionados.
2022-03-23 22:10:44,967 INFO [main] - Mostrando classificação.
2022-03-23 22:10:44,968 INFO [main] - Mostrando tabela.
2022-03-23 22:10:45,038 INFO [main] - Tabela apresentada.
2022-03-23 23:05:07,266 INFO [main] - Mostrando classificação.
2022-03-23 23:05:07,267 INFO [main] - Mostrando tabela.
2022-03-23 23:05:07,284 INFO [main] - Tabela apresentada.
2022-03-23 23:33:16,034 INFO [main] - Inserindo times.
2022-03-23 23:33:36,747 INFO [main] - Inserindo times.
2022-03-23 23:35:00,257 INFO [main] - Inserindo times.
2022-03-23 23:36:11,157 INFO [main] - Inserindo times.
2022-03-23 23:36:11,166 INFO [main] - Times adicionados.
2022-03-23 23:36:11,166 INFO [main] - Times adicionados.
2022-03-23 23:36:11,166 INFO [main] - Times adicionados.
2022-03-23 23:36:11,166 INFO [main] - Times adicionados.
2022-03-23 23:36:11,168 INFO [main] - Times adicionados.
2022-03-23 23:36:11,168 INFO [main] - Times adicionados.
2022-03-23 23:36:11,168 INFO [main] - Times adicionados.
2022-03-23 23:36:11,168 INFO [main] - Times adicionados.
2022-03-23 23:36:11,169 INFO [main] - Times adicionados.
2022-03-23 23:36:11,169 INFO [main] - Times adicionados.
2022-03-23 23:36:11,169 INFO [main] - Times adicionados.
2022-03-23 23:36:11,169 INFO [main] - Times adicionados.
2022-03-23 23:36:11,169 INFO [main] - Times adicionados.
2022-03-23 23:36:11,170 INFO [main] - Times adicionados.
2022-03-23 23:36:11,170 INFO [main] - Times adicionados.
2022-03-23 23:36:11,170 INFO [main] - Times adicionados.
2022-03-23 23:36:11,171 INFO [main] - Times adicionados.
2022-03-23 23:36:11,172 INFO [main] - Times adicionados.
2022-03-23 23:36:11,172 INFO [main] - Times adicionados.
2022-03-23 23:36:11,172 INFO [main] - Times adicionados.
2022-03-23 23:36:11,173 INFO [main] - Times adicionados.
2022-03-23 23:36:11,173 INFO [main] - Times adicionados.
2022-03-23 23:36:11,173 INFO [main] - Times adicionados.
2022-03-23 23:36:11,173 INFO [main] - Times adicionados.
2022-03-23 23:36:11,176 INFO [main] - Times adicionados.
2022-03-23 23:36:11,176 INFO [main] - Times adicionados.
2022-03-23 23:36:11,176 INFO [main] - Times adicionados.
2022-03-23 23:36:11,177 INFO [main] - Times adicionados.
2022-03-23 23:36:11,177 INFO [main] - Times adicionados.
2022-03-23 23:36:11,177 INFO [main] - Times adicionados.
2022-03-23 23:38:49,930 INFO [main] - Inserindo times.
2022-03-23 23:38:49,935 INFO [main] - Times adicionados.
2022-03-23 23:38:49,936 INFO [main] - Times adicionados.
2022-03-23 23:38:49,936 INFO [main] - Times adicionados.
2022-03-23 23:38:49,936 INFO [main] - Times adicionados.
2022-03-23 23:38:49,936 INFO [main] - Times adicionados.
2022-03-23 23:38:49,936 INFO [main] - Times adicionados.
2022-03-23 23:38:49,937 INFO [main] - Times adicionados.
2022-03-23 23:38:49,937 INFO [main] - Times adicionados.
2022-03-23 23:38:49,937 INFO [main] - Times adicionados.
2022-03-23 23:38:49,937 INFO [main] - Times adicionados.
2022-03-23 23:38:49,938 INFO [main] - Times adicionados.
2022-03-23 23:38:49,938 INFO [main] - Times adicionados.
2022-03-23 23:38:49,939 INFO [main] - Times adicionados.
2022-03-23 23:38:49,939 INFO [main] - Times adicionados.
2022-03-23 23:38:49,940 INFO [main] - Times adicionados.
2022-03-23 23:38:49,941 INFO [main] - Times adicionados.
2022-03-23 23:38:49,942 INFO [main] - Times adicionados.
2022-03-23 23:38:49,942 INFO [main] - Times adicionados.
2022-03-23 23:38:49,942 INFO [main] - Times adicionados.
2022-03-23 23:38:49,943 INFO [main] - Times adicionados.
2022-03-23 23:38:49,943 INFO [main] - Times adicionados.
2022-03-23 23:38:49,943 INFO [main] - Times adicionados.
2022-03-23 23:38:49,944 INFO [main] - Times adicionados.
2022-03-23 23:38:49,944 INFO [main] - Times adicionados.
2022-03-23 23:38:49,944 INFO [main] - Times adicionados.
2022-03-23 23:38:49,944 INFO [main] - Times adicionados.
2022-03-23 23:38:49,945 INFO [main] - Times adicionados.
2022-03-23 23:38:49,945 INFO [main] - Times adicionados.
2022-03-23 23:38:49,945 INFO [main] - Times adicionados.
2022-03-23 23:38:49,945 INFO [main] - Times adicionados.
2022-03-23 23:40:37,232 INFO [main] - Inserindo times.
2022-03-23 23:40:54,521 INFO [main] - Inserindo times.
2022-03-23 23:41:46,042 INFO [main] - Inserindo times.
2022-03-23 23:41:46,045 INFO [main] - Times adicionados.
2022-03-23 23:41:46,046 INFO [main] - Times adicionados.
2022-03-23 23:41:46,046 INFO [main] - Times adicionados.
2022-03-23 23:41:46,046 INFO [main] - Times adicionados.
2022-03-23 23:41:46,046 INFO [main] - Times adicionados.
2022-03-23 23:41:46,046 INFO [main] - Times adicionados.
2022-03-23 23:41:46,047 INFO [main] - Times adicionados.
2022-03-23 23:41:46,047 INFO [main] - Times adicionados.
2022-03-23 23:41:46,047 INFO [main] - Times adicionados.
2022-03-23 23:41:46,047 INFO [main] - Times adicionados.
2022-03-23 23:41:46,047 INFO [main] - Times adicionados.
2022-03-23 23:41:46,047 INFO [main] - Times adicionados.
2022-03-23 23:41:46,047 INFO [main] - Times adicionados.
2022-03-23 23:41:46,048 INFO [main] - Times adicionados.
2022-03-23 23:41:46,048 INFO [main] - Times adicionados.
2022-03-23 23:41:46,048 INFO [main] - Times adicionados.
2022-03-23 23:41:46,048 INFO [main] - Times adicionados.
2022-03-23 23:41:46,048 INFO [main] - Times adicionados.
2022-03-23 23:41:46,048 INFO [main] - Times adicionados.
2022-03-23 23:41:46,049 INFO [main] - Times adicionados.
2022-03-23 23:41:46,049 INFO [main] - Times adicionados.
2022-03-23 23:41:46,049 INFO [main] - Times adicionados.
2022-03-23 23:41:46,049 INFO [main] - Times adicionados.
2022-03-23 23:41:46,049 INFO [main] - Times adicionados.
2022-03-23 23:41:46,049 INFO [main] - Times adicionados.
2022-03-23 23:41:46,050 INFO [main] - Times adicionados.
2022-03-23 23:41:46,050 INFO [main] - Times adicionados.
2022-03-23 23:41:46,050 INFO [main] - Times adicionados.
2022-03-23 23:41:46,050 INFO [main] - Times adicionados.
2022-03-23 23:41:46,050 INFO [main] - Times adicionados.
2022-03-23 23:47:54,458 INFO [main] - Inserindo times.
2022-03-23 23:47:54,464 INFO [main] - Times adicionados.
2022-03-23 23:47:54,464 INFO [main] - Times adicionados.
2022-03-23 23:47:54,465 INFO [main] - Times adicionados.
2022-03-23 23:47:54,466 INFO [main] - Times adicionados.
2022-03-23 23:47:54,466 INFO [main] - Times adicionados.
2022-03-23 23:47:54,466 INFO [main] - Times adicionados.
2022-03-23 23:47:54,467 INFO [main] - Times adicionados.
2022-03-23 23:47:54,467 INFO [main] - Times adicionados.
2022-03-23 23:47:54,467 INFO [main] - Times adicionados.
2022-03-23 23:47:54,468 INFO [main] - Times adicionados.
2022-03-23 23:47:54,468 INFO [main] - Times adicionados.
2022-03-23 23:47:54,469 INFO [main] - Times adicionados.
2022-03-23 23:47:54,469 INFO [main] - Times adicionados.
2022-03-23 23:47:54,470 INFO [main] - Times adicionados.
2022-03-23 23:47:54,470 INFO [main] - Times adicionados.
2022-03-23 23:47:54,470 INFO [main] - Times adicionados.
2022-03-23 23:47:54,470 INFO [main] - Times adicionados.
2022-03-23 23:47:54,471 INFO [main] - Times adicionados.
2022-03-23 23:47:54,471 INFO [main] - Times adicionados.
2022-03-23 23:47:54,471 INFO [main] - Times adicionados.
2022-03-23 23:47:54,471 INFO [main] - Times adicionados.
2022-03-23 23:47:54,471 INFO [main] - Times adicionados.
2022-03-23 23:47:54,472 INFO [main] - Times adicionados.
2022-03-23 23:47:54,472 INFO [main] - Times adicionados.
2022-03-23 23:47:54,472 INFO [main] - Times adicionados.
2022-03-23 23:47:54,472 INFO [main] - Times adicionados.
2022-03-23 23:47:54,472 INFO [main] - Times adicionados.
2022-03-23 23:47:54,472 INFO [main] - Times adicionados.
2022-03-23 23:47:54,473 INFO [main] - Times adicionados.
2022-03-23 23:47:54,473 INFO [main] - Times adicionados.
2022-03-23 23:48:05,997 INFO [main] - Inserindo times.
2022-03-23 23:48:06,001 INFO [main] - Times adicionados.
2022-03-23 23:48:06,001 INFO [main] - Times adicionados.
2022-03-23 23:48:06,002 INFO [main] - Times adicionados.
2022-03-23 23:48:06,002 INFO [main] - Times adicionados.
2022-03-23 23:48:06,002 INFO [main] - Times adicionados.
2022-03-23 23:48:06,002 INFO [main] - Times adicionados.
2022-03-23 23:48:06,002 INFO [main] - Times adicionados.
2022-03-23 23:48:06,002 INFO [main] - Times adicionados.
2022-03-23 23:48:06,003 INFO [main] - Times adicionados.
2022-03-23 23:48:06,003 INFO [main] - Times adicionados.
2022-03-23 23:48:06,003 INFO [main] - Times adicionados.
2022-03-23 23:48:06,003 INFO [main] - Times adicionados.
2022-03-23 23:48:06,003 INFO [main] - Times adicionados.
2022-03-23 23:48:06,003 INFO [main] - Times adicionados.
2022-03-23 23:48:06,004 INFO [main] - Times adicionados.
2022-03-23 23:48:06,004 INFO [main] - Times adicionados.
2022-03-23 23:48:06,004 INFO [main] - Times adicionados.
2022-03-23 23:48:06,004 INFO [main] - Times adicionados.
2022-03-23 23:48:06,004 INFO [main] - Times adicionados.
2022-03-23 23:48:06,005 INFO [main] - Times adicionados.
2022-03-23 23:48:06,005 INFO [main] - Times adicionados.
2022-03-23 23:48:06,005 INFO [main] - Times adicionados.
2022-03-23 23:48:06,005 INFO [main] - Times adicionados.
2022-03-23 23:48:06,005 INFO [main] - Times adicionados.
2022-03-23 23:48:06,005 INFO [main] - Times adicionados.
2022-03-23 23:48:06,006 INFO [main] - Times adicionados.
2022-03-23 23:48:06,006 INFO [main] - Times adicionados.
2022-03-23 23:48:06,006 INFO [main] - Times adicionados.
2022-03-23 23:48:06,006 INFO [main] - Times adicionados.
2022-03-23 23:48:06,007 INFO [main] - Times adicionados.
2022-03-23 23:48:06,009 INFO [main] - Mostrando classificação.
2022-03-23 23:48:06,009 INFO [main] - Mostrando tabela.
2022-03-23 23:48:06,029 INFO [main] - Tabela apresentada.
2022-03-24 10:21:36,736 INFO [main] - Inserindo times.
2022-03-24 10:21:36,740 INFO [main] - Times adicionados.
2022-03-24 10:21:36,740 INFO [main] - Times adicionados.
2022-03-24 10:21:36,740 INFO [main] - Times adicionados.
2022-03-24 10:21:36,740 INFO [main] - Times adicionados.
2022-03-24 10:21:36,740 INFO [main] - Times adicionados.
2022-03-24 10:21:36,740 INFO [main] - Times adicionados.
2022-03-24 10:21:36,741 INFO [main] - Times adicionados.
2022-03-24 10:21:36,741 INFO [main] - Times adicionados.
2022-03-24 10:21:36,741 INFO [main] - Times adicionados.
2022-03-24 10:21:36,741 INFO [main] - Times adicionados.
2022-03-24 10:21:36,741 INFO [main] - Times adicionados.
2022-03-24 10:21:36,741 INFO [main] - Times adicionados.
2022-03-24 10:21:36,741 INFO [main] - Times adicionados.
2022-03-24 10:21:36,742 INFO [main] - Times adicionados.
2022-03-24 10:21:36,742 INFO [main] - Times adicionados.
2022-03-24 10:21:36,742 INFO [main] - Times adicionados.
2022-03-24 10:21:36,742 INFO [main] - Times adicionados.
2022-03-24 10:21:36,742 INFO [main] - Times adicionados.
2022-03-24 10:21:36,742 INFO [main] - Times adicionados.
2022-03-24 10:21:36,742 INFO [main] - Times adicionados.
2022-03-24 10:21:36,743 INFO [main] - Times adicionados.
2022-03-24 10:21:36,743 INFO [main] - Times adicionados.
2022-03-24 10:21:36,743 INFO [main] - Times adicionados.
2022-03-24 10:21:36,743 INFO [main] - Times adicionados.
2022-03-24 10:21:36,743 INFO [main] - Times adicionados.
2022-03-24 10:21:36,744 INFO [main] - Times adicionados.
2022-03-24 10:21:36,744 INFO [main] - Times adicionados.
2022-03-24 10:21:36,744 INFO [main] - Times adicionados.
2022-03-24 10:21:36,744 INFO [main] - Times adicionados.
2022-03-24 10:21:36,745 INFO [main] - Times adicionados.
2022-03-24 10:21:36,747 INFO [main] - Mostrando classificação.
2022-03-24 10:21:36,747 INFO [main] - Mostrando tabela.
2022-03-24 10:21:36,757 INFO [main] - Tabela apresentada.
2022-03-24 10:21:59,145 INFO [main] - Inserindo times.
2022-03-24 10:21:59,149 INFO [main] - Times adicionados.
2022-03-24 10:21:59,150 INFO [main] - Times adicionados.
2022-03-24 10:21:59,150 INFO [main] - Times adicionados.
2022-03-24 10:21:59,150 INFO [main] - Times adicionados.
2022-03-24 10:21:59,150 INFO [main] - Times adicionados.
2022-03-24 10:21:59,151 INFO [main] - Times adicionados.
2022-03-24 10:21:59,151 INFO [main] - Times adicionados.
2022-03-24 10:21:59,151 INFO [main] - Times adicionados.
2022-03-24 10:21:59,151 INFO [main] - Times adicionados.
2022-03-24 10:21:59,151 INFO [main] - Times adicionados.
2022-03-24 10:21:59,152 INFO [main] - Times adicionados.
2022-03-24 10:21:59,152 INFO [main] - Times adicionados.
2022-03-24 10:21:59,152 INFO [main] - Times adicionados.
2022-03-24 10:21:59,152 INFO [main] - Times adicionados.
2022-03-24 10:21:59,152 INFO [main] - Times adicionados.
2022-03-24 10:21:59,152 INFO [main] - Times adicionados.
2022-03-24 10:21:59,153 INFO [main] - Times adicionados.
2022-03-24 10:21:59,153 INFO [main] - Times adicionados.
2022-03-24 10:21:59,153 INFO [main] - Times adicionados.
2022-03-24 10:21:59,153 INFO [main] - Times adicionados.
2022-03-24 10:21:59,153 INFO [main] - Times adicionados.
2022-03-24 10:21:59,153 INFO [main] - Times adicionados.
2022-03-24 10:21:59,154 INFO [main] - Times adicionados.
2022-03-24 10:21:59,154 INFO [main] - Times adicionados.
2022-03-24 10:21:59,154 INFO [main] - Times adicionados.
2022-03-24 10:21:59,154 INFO [main] - Times adicionados.
2022-03-24 10:21:59,154 INFO [main] - Times adicionados.
2022-03-24 10:21:59,154 INFO [main] - Times adicionados.
2022-03-24 10:21:59,154 INFO [main] - Times adicionados.
2022-03-24 10:21:59,155 INFO [main] - Times adicionados.
2022-03-24 10:21:59,156 INFO [main] - Mostrando classificação.
2022-03-24 10:21:59,157 INFO [main] - Mostrando tabela.
2022-03-24 10:21:59,169 INFO [main] - Tabela apresentada.
2022-03-24 11:02:02,221 INFO [main] - Inserindo times.
2022-03-24 11:02:02,226 INFO [main] - Times adicionados.
2022-03-24 11:02:02,226 INFO [main] - Times adicionados.
2022-03-24 11:02:02,226 INFO [main] - Times adicionados.
2022-03-24 11:02:02,227 INFO [main] - Times adicionados.
2022-03-24 11:02:02,227 INFO [main] - Times adicionados.
2022-03-24 11:02:02,227 INFO [main] - Times adicionados.
2022-03-24 11:02:02,227 INFO [main] - Times adicionados.
2022-03-24 11:02:02,227 INFO [main] - Times adicionados.
2022-03-24 11:02:02,228 INFO [main] - Times adicionados.
2022-03-24 11:02:02,228 INFO [main] - Times adicionados.
2022-03-24 11:02:02,228 INFO [main] - Times adicionados.
2022-03-24 11:02:02,228 INFO [main] - Times adicionados.
2022-03-24 11:02:02,228 INFO [main] - Times adicionados.
2022-03-24 11:02:02,229 INFO [main] - Times adicionados.
2022-03-24 11:02:02,229 INFO [main] - Times adicionados.
2022-03-24 11:02:02,229 INFO [main] - Times adicionados.
2022-03-24 11:02:02,230 INFO [main] - Times adicionados.
2022-03-24 11:02:02,230 INFO [main] - Times adicionados.
2022-03-24 11:02:02,230 INFO [main] - Times adicionados.
2022-03-24 11:02:02,230 INFO [main] - Times adicionados.
2022-03-24 11:02:02,230 INFO [main] - Times adicionados.
2022-03-24 11:02:02,231 INFO [main] - Times adicionados.
2022-03-24 11:02:02,231 INFO [main] - Times adicionados.
2022-03-24 11:02:02,231 INFO [main] - Times adicionados.
2022-03-24 11:02:02,231 INFO [main] - Times adicionados.
2022-03-24 11:02:02,232 INFO [main] - Times adicionados.
2022-03-24 11:02:02,232 INFO [main] - Times adicionados.
2022-03-24 11:02:02,232 INFO [main] - Times adicionados.
2022-03-24 11:02:02,232 INFO [main] - Times adicionados.
2022-03-24 11:02:02,233 INFO [main] - Times adicionados.
2022-03-24 11:02:02,235 INFO [main] - Mostrando classificação.
2022-03-24 11:02:02,235 INFO [main] - Mostrando tabela.
2022-03-24 11:02:02,256 INFO [main] - Tabela apresentada.
2022-03-24 11:03:05,535 INFO [main] - Inserindo times.
2022-03-24 11:03:05,539 INFO [main] - Times adicionados.
2022-03-24 11:03:05,539 INFO [main] - Times adicionados.
2022-03-24 11:03:05,539 INFO [main] - Times adicionados.
2022-03-24 11:03:05,539 INFO [main] - Times adicionados.
2022-03-24 11:03:05,539 INFO [main] - Times adicionados.
2022-03-24 11:03:05,540 INFO [main] - Times adicionados.
2022-03-24 11:03:05,540 INFO [main] - Times adicionados.
2022-03-24 11:03:05,540 INFO [main] - Times adicionados.
2022-03-24 11:03:05,540 INFO [main] - Times adicionados.
2022-03-24 11:03:05,540 INFO [main] - Times adicionados.
2022-03-24 11:03:05,540 INFO [main] - Times adicionados.
2022-03-24 11:03:05,541 INFO [main] - Times adicionados.
2022-03-24 11:03:05,541 INFO [main] - Times adicionados.
2022-03-24 11:03:05,541 INFO [main] - Times adicionados.
2022-03-24 11:03:05,541 INFO [main] - Times adicionados.
2022-03-24 11:03:05,541 INFO [main] - Times adicionados.
2022-03-24 11:03:05,541 INFO [main] - Times adicionados.
2022-03-24 11:03:05,542 INFO [main] - Times adicionados.
2022-03-24 11:03:05,542 INFO [main] - Times adicionados.
2022-03-24 11:03:05,542 INFO [main] - Times adicionados.
2022-03-24 11:03:05,542 INFO [main] - Times adicionados.
2022-03-24 11:03:05,542 INFO [main] - Times adicionados.
2022-03-24 11:03:05,542 INFO [main] - Times adicionados.
2022-03-24 11:03:05,543 INFO [main] - Times adicionados.
2022-03-24 11:03:05,543 INFO [main] - Times adicionados.
2022-03-24 11:03:05,543 INFO [main] - Times adicionados.
2022-03-24 11:03:05,543 INFO [main] - Times adicionados.
2022-03-24 11:03:05,543 INFO [main] - Times adicionados.
2022-03-24 11:03:05,543 INFO [main] - Times adicionados.
2022-03-24 11:03:05,543 INFO [main] - Times adicionados.
2022-03-24 11:03:05,545 INFO [main] - Mostrando classificação.
2022-03-24 11:03:05,545 INFO [main] - Mostrando tabela.
2022-03-24 11:03:05,555 INFO [main] - Tabela apresentada.
2022-03-24 11:04:52,664 INFO [main] - Inserindo times.
2022-03-24 11:04:52,669 INFO [main] - Times adicionados.
2022-03-24 11:04:52,669 INFO [main] - Times adicionados.
2022-03-24 11:04:52,670 INFO [main] - Times adicionados.
2022-03-24 11:04:52,670 INFO [main] - Times adicionados.
2022-03-24 11:04:52,670 INFO [main] - Times adicionados.
2022-03-24 11:04:52,670 INFO [main] - Times adicionados.
2022-03-24 11:04:52,671 INFO [main] - Times adicionados.
2022-03-24 11:04:52,671 INFO [main] - Times adicionados.
2022-03-24 11:04:52,671 INFO [main] - Times adicionados.
2022-03-24 11:04:52,671 INFO [main] - Times adicionados.
2022-03-24 11:04:52,671 INFO [main] - Times adicionados.
2022-03-24 11:04:52,672 INFO [main] - Times adicionados.
2022-03-24 11:04:52,672 INFO [main] - Times adicionados.
2022-03-24 11:04:52,672 INFO [main] - Times adicionados.
2022-03-24 11:04:52,672 INFO [main] - Times adicionados.
2022-03-24 11:04:52,673 INFO [main] - Times adicionados.
2022-03-24 11:04:52,673 INFO [main] - Times adicionados.
2022-03-24 11:04:52,673 INFO [main] - Times adicionados.
2022-03-24 11:04:52,673 INFO [main] - Times adicionados.
2022-03-24 11:04:52,673 INFO [main] - Times adicionados.
2022-03-24 11:04:52,674 INFO [main] - Times adicionados.
2022-03-24 11:04:52,674 INFO [main] - Times adicionados.
2022-03-24 11:04:52,674 INFO [main] - Times adicionados.
2022-03-24 11:04:52,674 INFO [main] - Times adicionados.
2022-03-24 11:04:52,675 INFO [main] - Times adicionados.
2022-03-24 11:04:52,675 INFO [main] - Times adicionados.
2022-03-24 11:04:52,675 INFO [main] - Times adicionados.
2022-03-24 11:04:52,675 INFO [main] - Times adicionados.
2022-03-24 11:04:52,676 INFO [main] - Times adicionados.
2022-03-24 11:04:52,676 INFO [main] - Times adicionados.
2022-03-24 11:04:52,678 INFO [main] - Mostrando classificação.
2022-03-24 11:04:52,678 INFO [main] - Mostrando tabela.
2022-03-24 11:04:52,690 INFO [main] - Tabela apresentada.
2022-03-24 11:05:08,466 INFO [main] - Inserindo times.
2022-03-24 11:05:08,470 INFO [main] - Times adicionados.
2022-03-24 11:05:08,470 INFO [main] - Times adicionados.
2022-03-24 11:05:08,471 INFO [main] - Times adicionados.
2022-03-24 11:05:08,471 INFO [main] - Times adicionados.
2022-03-24 11:05:08,471 INFO [main] - Times adicionados.
2022-03-24 11:05:08,471 INFO [main] - Times adicionados.
2022-03-24 11:05:08,472 INFO [main] - Times adicionados.
2022-03-24 11:05:08,472 INFO [main] - Times adicionados.
2022-03-24 11:05:08,472 INFO [main] - Times adicionados.
2022-03-24 11:05:08,472 INFO [main] - Times adicionados.
2022-03-24 11:05:08,472 INFO [main] - Times adicionados.
2022-03-24 11:05:08,473 INFO [main] - Times adicionados.
2022-03-24 11:05:08,473 INFO [main] - Times adicionados.
2022-03-24 11:05:08,473 INFO [main] - Times adicionados.
2022-03-24 11:05:08,473 INFO [main] - Times adicionados.
2022-03-24 11:05:08,474 INFO [main] - Times adicionados.
2022-03-24 11:05:08,474 INFO [main] - Times adicionados.
2022-03-24 11:05:08,474 INFO [main] - Times adicionados.
2022-03-24 11:05:08,474 INFO [main] - Times adicionados.
2022-03-24 11:05:08,474 INFO [main] - Times adicionados.
2022-03-24 11:05:08,475 INFO [main] - Times adicionados.
2022-03-24 11:05:08,475 INFO [main] - Times adicionados.
2022-03-24 11:05:08,475 INFO [main] - Times adicionados.
2022-03-24 11:05:08,475 INFO [main] - Times adicionados.
2022-03-24 11:05:08,476 INFO [main] - Times adicionados.
2022-03-24 11:05:08,476 INFO [main] - Times adicionados.
2022-03-24 11:05:08,476 INFO [main] - Times adicionados.
2022-03-24 11:05:08,476 INFO [main] - Times adicionados.
2022-03-24 11:05:08,476 INFO [main] - Times adicionados.
2022-03-24 11:05:08,477 INFO [main] - Times adicionados.
2022-03-24 11:05:08,479 INFO [main] - Mostrando classificação.
2022-03-24 11:05:08,479 INFO [main] - Mostrando tabela.
2022-03-24 11:05:08,491 INFO [main] - Tabela apresentada.
2022-03-24 11:07:45,070 INFO [main] - Inserindo times.
2022-03-24 11:07:45,076 INFO [main] - Times adicionados.
2022-03-24 11:07:45,076 INFO [main] - Times adicionados.
2022-03-24 11:07:45,077 INFO [main] - Times adicionados.
2022-03-24 11:07:45,077 INFO [main] - Times adicionados.
2022-03-24 11:07:45,077 INFO [main] - Times adicionados.
2022-03-24 11:07:45,078 INFO [main] - Times adicionados.
2022-03-24 11:07:45,078 INFO [main] - Times adicionados.
2022-03-24 11:07:45,078 INFO [main] - Times adicionados.
2022-03-24 11:07:45,078 INFO [main] - Times adicionados.
2022-03-24 11:07:45,078 INFO [main] - Times adicionados.
2022-03-24 11:07:45,079 INFO [main] - Times adicionados.
2022-03-24 11:07:45,079 INFO [main] - Times adicionados.
2022-03-24 11:07:45,079 INFO [main] - Times adicionados.
2022-03-24 11:07:45,079 INFO [main] - Times adicionados.
2022-03-24 11:07:45,080 INFO [main] - Times adicionados.
2022-03-24 11:07:45,080 INFO [main] - Times adicionados.
2022-03-24 11:07:45,080 INFO [main] - Times adicionados.
2022-03-24 11:07:45,080 INFO [main] - Times adicionados.
2022-03-24 11:07:45,081 INFO [main] - Times adicionados.
2022-03-24 11:07:45,081 INFO [main] - Times adicionados.
2022-03-24 11:07:45,081 INFO [main] - Times adicionados.
2022-03-24 11:07:45,082 INFO [main] - Times adicionados.
2022-03-24 11:07:45,082 INFO [main] - Times adicionados.
2022-03-24 11:07:45,082 INFO [main] - Times adicionados.
2022-03-24 11:07:45,083 INFO [main] - Times adicionados.
2022-03-24 11:07:45,083 INFO [main] - Times adicionados.
2022-03-24 11:07:45,083 INFO [main] - Times adicionados.
2022-03-24 11:07:45,083 INFO [main] - Times adicionados.
2022-03-24 11:07:45,084 INFO [main] - Times adicionados.
2022-03-24 11:07:45,084 INFO [main] - Times adicionados.
2022-03-24 11:07:45,086 INFO [main] - Mostrando classificação.
2022-03-24 11:07:45,087 INFO [main] - Mostrando tabela.
2022-03-24 11:07:45,097 INFO [main] - Tabela apresentada.
2022-03-24 11:08:13,153 INFO [main] - Inserindo times.
2022-03-24 11:08:13,157 INFO [main] - Times adicionados.
2022-03-24 11:08:13,158 INFO [main] - Times adicionados.
2022-03-24 11:08:13,158 INFO [main] - Times adicionados.
2022-03-24 11:08:13,158 INFO [main] - Times adicionados.
2022-03-24 11:08:13,158 INFO [main] - Times adicionados.
2022-03-24 11:08:13,159 INFO [main] - Times adicionados.
2022-03-24 11:08:13,159 INFO [main] - Times adicionados.
2022-03-24 11:08:13,159 INFO [main] - Times adicionados.
2022-03-24 11:08:13,159 INFO [main] - Times adicionados.
2022-03-24 11:08:13,160 INFO [main] - Times adicionados.
2022-03-24 11:08:13,160 INFO [main] - Times adicionados.
2022-03-24 11:08:13,160 INFO [main] - Times adicionados.
2022-03-24 11:08:13,160 INFO [main] - Times adicionados.
2022-03-24 11:08:13,161 INFO [main] - Times adicionados.
2022-03-24 11:08:13,161 INFO [main] - Times adicionados.
2022-03-24 11:08:13,161 INFO [main] - Times adicionados.
2022-03-24 11:08:13,161 INFO [main] - Times adicionados.
2022-03-24 11:08:13,162 INFO [main] - Times adicionados.
2022-03-24 11:08:13,162 INFO [main] - Times adicionados.
2022-03-24 11:08:13,162 INFO [main] - Times adicionados.
2022-03-24 11:08:13,162 INFO [main] - Times adicionados.
2022-03-24 11:08:13,162 INFO [main] - Times adicionados.
2022-03-24 11:08:13,163 INFO [main] - Times adicionados.
2022-03-24 11:08:13,164 INFO [main] - Times adicionados.
2022-03-24 11:08:13,164 INFO [main] - Times adicionados.
2022-03-24 11:08:13,165 INFO [main] - Times adicionados.
2022-03-24 11:08:13,165 INFO [main] - Times adicionados.
2022-03-24 11:08:13,165 INFO [main] - Times adicionados.
2022-03-24 11:08:13,165 INFO [main] - Times adicionados.
2022-03-24 11:08:13,166 INFO [main] - Times adicionados.
2022-03-24 11:08:13,168 INFO [main] - Mostrando classificação.
2022-03-24 11:08:13,169 INFO [main] - Mostrando tabela.
2022-03-24 11:08:13,183 INFO [main] - Tabela apresentada.
2022-03-24 11:28:19,073 INFO [main] - Inserindo times.
2022-03-24 11:28:19,075 INFO [main] - Times adicionados.
2022-03-24 11:28:19,075 INFO [main] - Times adicionados.
2022-03-24 11:28:19,075 INFO [main] - Times adicionados.
2022-03-24 11:28:19,075 INFO [main] - Times adicionados.
2022-03-24 11:28:19,075 INFO [main] - Times adicionados.
2022-03-24 11:28:19,076 INFO [main] - Times adicionados.
2022-03-24 11:28:19,076 INFO [main] - Times adicionados.
2022-03-24 11:28:19,076 INFO [main] - Times adicionados.
2022-03-24 11:28:19,076 INFO [main] - Times adicionados.
2022-03-24 11:28:19,077 INFO [main] - Times adicionados.
2022-03-24 11:28:19,077 INFO [main] - Times adicionados.
2022-03-24 11:28:19,077 INFO [main] - Times adicionados.
2022-03-24 11:28:19,077 INFO [main] - Times adicionados.
2022-03-24 11:28:19,077 INFO [main] - Times adicionados.
2022-03-24 11:28:19,078 INFO [main] - Times adicionados.
2022-03-24 11:28:19,078 INFO [main] - Times adicionados.
2022-03-24 11:28:19,078 INFO [main] - Times adicionados.
2022-03-24 11:28:19,078 INFO [main] - Times adicionados.
2022-03-24 11:28:19,078 INFO [main] - Times adicionados.
2022-03-24 11:28:19,079 INFO [main] - Times adicionados.
2022-03-24 11:28:19,079 INFO [main] - Times adicionados.
2022-03-24 11:28:19,079 INFO [main] - Times adicionados.
2022-03-24 11:28:19,080 INFO [main] - Times adicionados.
2022-03-24 11:28:19,080 INFO [main] - Times adicionados.
2022-03-24 11:28:19,080 INFO [main] - Times adicionados.
2022-03-24 11:28:19,080 INFO [main] - Times adicionados.
2022-03-24 11:28:19,081 INFO [main] - Times adicionados.
2022-03-24 11:28:19,081 INFO [main] - Times adicionados.
2022-03-24 11:28:19,081 INFO [main] - Times adicionados.
2022-03-24 11:28:19,081 INFO [main] - Times adicionados.
2022-03-24 11:28:19,084 INFO [main] - Mostrando classificação.
2022-03-24 11:28:19,084 INFO [main] - Mostrando tabela.
2022-03-24 11:28:19,100 INFO [main] - Tabela apresentada.
2022-03-24 11:30:40,159 INFO [main] - Inserindo times.
2022-03-24 11:30:40,160 INFO [main] - Times adicionados.
2022-03-24 11:30:40,161 INFO [main] - Times adicionados.
2022-03-24 11:30:40,161 INFO [main] - Times adicionados.
2022-03-24 11:30:40,161 INFO [main] - Times adicionados.
2022-03-24 11:30:40,162 INFO [main] - Times adicionados.
2022-03-24 11:30:40,162 INFO [main] - Times adicionados.
2022-03-24 11:30:40,162 INFO [main] - Times adicionados.
2022-03-24 11:30:40,163 INFO [main] - Times adicionados.
2022-03-24 11:30:40,163 INFO [main] - Times adicionados.
2022-03-24 11:30:40,163 INFO [main] - Times adicionados.
2022-03-24 11:30:40,163 INFO [main] - Times adicionados.
2022-03-24 11:30:40,163 INFO [main] - Times adicionados.
2022-03-24 11:30:40,163 INFO [main] - Times adicionados.
2022-03-24 11:30:40,163 INFO [main] - Times adicionados.
2022-03-24 11:30:40,164 INFO [main] - Times adicionados.
2022-03-24 11:30:40,164 INFO [main] - Times adicionados.
2022-03-24 11:30:40,164 INFO [main] - Times adicionados.
2022-03-24 11:30:40,164 INFO [main] - Times adicionados.
2022-03-24 11:30:40,164 INFO [main] - Times adicionados.
2022-03-24 11:30:40,164 INFO [main] - Times adicionados.
2022-03-24 11:30:40,165 INFO [main] - Times adicionados.
2022-03-24 11:30:40,165 INFO [main] - Times adicionados.
2022-03-24 11:30:40,165 INFO [main] - Times adicionados.
2022-03-24 11:30:40,165 INFO [main] - Times adicionados.
2022-03-24 11:30:40,165 INFO [main] - Times adicionados.
2022-03-24 11:30:40,165 INFO [main] - Times adicionados.
2022-03-24 11:30:40,165 INFO [main] - Times adicionados.
2022-03-24 11:30:40,165 INFO [main] - Times adicionados.
2022-03-24 11:30:40,166 INFO [main] - Times adicionados.
2022-03-24 11:30:40,166 INFO [main] - Times adicionados.
2022-03-24 11:30:40,168 INFO [main] - Mostrando classificação.
2022-03-24 11:30:40,168 INFO [main] - Mostrando tabela.
2022-03-24 11:30:40,178 INFO [main] - Tabela apresentada.
2022-03-24 11:34:45,774 INFO [main] - Inserindo times.
2022-03-24 11:34:45,776 INFO [main] - Times adicionados.
2022-03-24 11:34:45,776 INFO [main] - Times adicionados.
2022-03-24 11:34:45,776 INFO [main] - Times adicionados.
2022-03-24 11:34:45,776 INFO [main] - Times adicionados.
2022-03-24 11:34:45,777 INFO [main] - Times adicionados.
2022-03-24 11:34:45,777 INFO [main] - Times adicionados.
2022-03-24 11:34:45,777 INFO [main] - Times adicionados.
2022-03-24 11:34:45,777 INFO [main] - Times adicionados.
2022-03-24 11:34:45,777 INFO [main] - Times adicionados.
2022-03-24 11:34:45,778 INFO [main] - Times adicionados.
2022-03-24 11:34:45,778 INFO [main] - Times adicionados.
2022-03-24 11:34:45,778 INFO [main] - Times adicionados.
2022-03-24 11:34:45,778 INFO [main] - Times adicionados.
2022-03-24 11:34:45,778 INFO [main] - Times adicionados.
2022-03-24 11:34:45,779 INFO [main] - Times adicionados.
2022-03-24 11:34:45,779 INFO [main] - Times adicionados.
2022-03-24 11:34:45,779 INFO [main] - Times adicionados.
2022-03-24 11:34:45,780 INFO [main] - Times adicionados.
2022-03-24 11:34:45,780 INFO [main] - Times adicionados.
2022-03-24 11:34:45,780 INFO [main] - Times adicionados.
2022-03-24 11:34:45,780 INFO [main] - Times adicionados.
2022-03-24 11:34:45,780 INFO [main] - Times adicionados.
2022-03-24 11:34:45,781 INFO [main] - Times adicionados.
2022-03-24 11:34:45,781 INFO [main] - Times adicionados.
2022-03-24 11:34:45,781 INFO [main] - Times adicionados.
2022-03-24 11:34:45,781 INFO [main] - Times adicionados.
2022-03-24 11:34:45,782 INFO [main] - Times adicionados.
2022-03-24 11:34:45,782 INFO [main] - Times adicionados.
2022-03-24 11:34:45,782 INFO [main] - Times adicionados.
2022-03-24 11:34:45,782 INFO [main] - Times adicionados.
2022-03-24 11:34:45,786 INFO [main] - Mostrando classificação.
2022-03-24 11:34:45,786 INFO [main] - Mostrando tabela.
2022-03-24 11:34:45,798 INFO [main] - Tabela apresentada.
2022-03-24 11:34:52,278 INFO [main] - Inserindo times.
2022-03-24 11:34:52,279 INFO [main] - Times adicionados.
2022-03-24 11:34:52,279 INFO [main] - Times adicionados.
2022-03-24 11:34:52,280 INFO [main] - Times adicionados.
2022-03-24 11:34:52,280 INFO [main] - Times adicionados.
2022-03-24 11:34:52,281 INFO [main] - Times adicionados.
2022-03-24 11:34:52,281 INFO [main] - Times adicionados.
2022-03-24 11:34:52,282 INFO [main] - Times adicionados.
2022-03-24 11:34:52,282 INFO [main] - Times adicionados.
2022-03-24 11:34:52,283 INFO [main] - Times adicionados.
2022-03-24 11:34:52,283 INFO [main] - Times adicionados.
2022-03-24 11:34:52,284 INFO [main] - Times adicionados.
2022-03-24 11:34:52,284 INFO [main] - Times adicionados.
2022-03-24 11:34:52,285 INFO [main] - Times adicionados.
2022-03-24 11:34:52,285 INFO [main] - Times adicionados.
2022-03-24 11:34:52,286 INFO [main] - Times adicionados.
2022-03-24 11:34:52,286 INFO [main] - Times adicionados.
2022-03-24 11:34:52,286 INFO [main] - Times adicionados.
2022-03-24 11:34:52,286 INFO [main] - Times adicionados.
2022-03-24 11:34:52,286 INFO [main] - Times adicionados.
2022-03-24 11:34:52,287 INFO [main] - Times adicionados.
2022-03-24 11:34:52,287 INFO [main] - Times adicionados.
2022-03-24 11:34:52,287 INFO [main] - Times adicionados.
2022-03-24 11:34:52,287 INFO [main] - Times adicionados.
2022-03-24 11:34:52,287 INFO [main] - Times adicionados.
2022-03-24 11:34:52,287 INFO [main] - Times adicionados.
2022-03-24 11:34:52,288 INFO [main] - Times adicionados.
2022-03-24 11:34:52,288 INFO [main] - Times adicionados.
2022-03-24 11:34:52,288 INFO [main] - Times adicionados.
2022-03-24 11:34:52,288 INFO [main] - Times adicionados.
2022-03-24 11:34:52,288 INFO [main] - Times adicionados.
2022-03-24 11:34:52,289 INFO [main] - Mostrando classificação.
2022-03-24 11:34:52,289 INFO [main] - Mostrando tabela.
2022-03-24 11:34:52,300 INFO [main] - Tabela apresentada.
2022-03-24 11:36:22,522 INFO [main] - Inserindo times.
2022-03-24 11:36:22,524 INFO [main] - Times adicionados.
2022-03-24 11:36:22,525 INFO [main] - Times adicionados.
2022-03-24 11:36:22,525 INFO [main] - Times adicionados.
2022-03-24 11:36:22,526 INFO [main] - Times adicionados.
2022-03-24 11:36:22,526 INFO [main] - Times adicionados.
2022-03-24 11:36:22,526 INFO [main] - Times adicionados.
2022-03-24 11:36:22,527 INFO [main] - Times adicionados.
2022-03-24 11:36:22,527 INFO [main] - Times adicionados.
2022-03-24 11:36:22,528 INFO [main] - Times adicionados.
2022-03-24 11:36:22,528 INFO [main] - Times adicionados.
2022-03-24 11:36:22,528 INFO [main] - Times adicionados.
2022-03-24 11:36:22,529 INFO [main] - Times adicionados.
2022-03-24 11:36:22,529 INFO [main] - Times adicionados.
2022-03-24 11:36:22,529 INFO [main] - Times adicionados.
2022-03-24 11:36:22,530 INFO [main] - Times adicionados.
2022-03-24 11:36:22,530 INFO [main] - Times adicionados.
2022-03-24 11:36:22,530 INFO [main] - Times adicionados.
2022-03-24 11:36:22,531 INFO [main] - Times adicionados.
2022-03-24 11:36:22,531 INFO [main] - Times adicionados.
2022-03-24 11:36:22,532 INFO [main] - Times adicionados.
2022-03-24 11:36:22,532 INFO [main] - Times adicionados.
2022-03-24 11:36:22,532 INFO [main] - Times adicionados.
2022-03-24 11:36:22,533 INFO [main] - Times adicionados.
2022-03-24 11:36:22,533 INFO [main] - Times adicionados.
2022-03-24 11:36:22,534 INFO [main] - Times adicionados.
2022-03-24 11:36:22,534 INFO [main] - Times adicionados.
2022-03-24 11:36:22,534 INFO [main] - Times adicionados.
2022-03-24 11:36:22,534 INFO [main] - Times adicionados.
2022-03-24 11:36:22,535 INFO [main] - Times adicionados.
2022-03-24 11:36:22,535 INFO [main] - Times adicionados.
2022-03-24 11:36:22,537 INFO [main] - Mostrando classificação.
2022-03-24 11:36:22,537 INFO [main] - Mostrando tabela.
2022-03-24 11:36:22,552 INFO [main] - Tabela apresentada.
2022-03-24 11:36:25,260 INFO [main] - Inserindo times.
2022-03-24 11:36:25,261 INFO [main] - Times adicionados.
2022-03-24 11:36:25,261 INFO [main] - Times adicionados.
2022-03-24 11:36:25,261 INFO [main] - Times adicionados.
2022-03-24 11:36:25,262 INFO [main] - Times adicionados.
2022-03-24 11:36:25,262 INFO [main] - Times adicionados.
2022-03-24 11:36:25,262 INFO [main] - Times adicionados.
2022-03-24 11:36:25,263 INFO [main] - Times adicionados.
2022-03-24 11:36:25,263 INFO [main] - Times adicionados.
2022-03-24 11:36:25,264 INFO [main] - Times adicionados.
2022-03-24 11:36:25,264 INFO [main] - Times adicionados.
2022-03-24 11:36:25,264 INFO [main] - Times adicionados.
2022-03-24 11:36:25,265 INFO [main] - Times adicionados.
2022-03-24 11:36:25,265 INFO [main] - Times adicionados.
2022-03-24 11:36:25,265 INFO [main] - Times adicionados.
2022-03-24 11:36:25,265 INFO [main] - Times adicionados.
2022-03-24 11:36:25,266 INFO [main] - Times adicionados.
2022-03-24 11:36:25,266 INFO [main] - Times adicionados.
2022-03-24 11:36:25,266 INFO [main] - Times adicionados.
2022-03-24 11:36:25,266 INFO [main] - Times adicionados.
2022-03-24 11:36:25,266 INFO [main] - Times adicionados.
2022-03-24 11:36:25,267 INFO [main] - Times adicionados.
2022-03-24 11:36:25,267 INFO [main] - Times adicionados.
2022-03-24 11:36:25,267 INFO [main] - Times adicionados.
2022-03-24 11:36:25,268 INFO [main] - Times adicionados.
2022-03-24 11:36:25,268 INFO [main] - Times adicionados.
2022-03-24 11:36:25,268 INFO [main] - Times adicionados.
2022-03-24 11:36:25,269 INFO [main] - Times adicionados.
2022-03-24 11:36:25,269 INFO [main] - Times adicionados.
2022-03-24 11:36:25,269 INFO [main] - Times adicionados.
2022-03-24 11:36:25,270 INFO [main] - Times adicionados.
2022-03-24 11:36:25,271 INFO [main] - Mostrando classificação.
2022-03-24 11:36:25,271 INFO [main] - Mostrando tabela.
2022-03-24 11:36:25,286 INFO [main] - Tabela apresentada.
2022-03-24 11:40:03,803 INFO [main] - Inserindo times.
2022-03-24 11:40:03,804 INFO [main] - Times adicionados.
2022-03-24 11:40:03,804 INFO [main] - Times adicionados.
2022-03-24 11:40:03,804 INFO [main] - Times adicionados.
2022-03-24 11:40:03,804 INFO [main] - Times adicionados.
2022-03-24 11:40:03,805 INFO [main] - Times adicionados.
2022-03-24 11:40:03,805 INFO [main] - Times adicionados.
2022-03-24 11:40:03,805 INFO [main] - Times adicionados.
2022-03-24 11:40:03,805 INFO [main] - Times adicionados.
2022-03-24 11:40:03,805 INFO [main] - Times adicionados.
2022-03-24 11:40:03,805 INFO [main] - Times adicionados.
2022-03-24 11:40:03,805 INFO [main] - Times adicionados.
2022-03-24 11:40:03,806 INFO [main] - Times adicionados.
2022-03-24 11:40:03,806 INFO [main] - Times adicionados.
2022-03-24 11:40:03,806 INFO [main] - Times adicionados.
2022-03-24 11:40:03,806 INFO [main] - Times adicionados.
2022-03-24 11:40:03,806 INFO [main] - Times adicionados.
2022-03-24 11:40:03,806 INFO [main] - Times adicionados.
2022-03-24 11:40:03,807 INFO [main] - Times adicionados.
2022-03-24 11:40:03,807 INFO [main] - Times adicionados.
2022-03-24 11:40:03,807 INFO [main] - Times adicionados.
2022-03-24 11:40:03,807 INFO [main] - Times adicionados.
2022-03-24 11:40:03,807 INFO [main] - Times adicionados.
2022-03-24 11:40:03,807 INFO [main] - Times adicionados.
2022-03-24 11:40:03,808 INFO [main] - Times adicionados.
2022-03-24 11:40:03,808 INFO [main] - Times adicionados.
2022-03-24 11:40:03,808 INFO [main] - Times adicionados.
2022-03-24 11:40:03,808 INFO [main] - Times adicionados.
2022-03-24 11:40:03,808 INFO [main] - Times adicionados.
2022-03-24 11:40:03,808 INFO [main] - Times adicionados.
2022-03-24 11:40:03,809 INFO [main] - Times adicionados.
2022-03-24 11:40:03,812 INFO [main] - Mostrando classificação.
2022-03-24 11:40:03,812 INFO [main] - Mostrando tabela.
2022-03-24 11:40:03,823 INFO [main] - Tabela apresentada.
2022-03-24 11:40:06,812 INFO [main] - Inserindo times.
2022-03-24 11:40:06,813 INFO [main] - Times adicionados.
2022-03-24 11:40:06,813 INFO [main] - Times adicionados.
2022-03-24 11:40:06,813 INFO [main] - Times adicionados.
2022-03-24 11:40:06,814 INFO [main] - Times adicionados.
2022-03-24 11:40:06,814 INFO [main] - Times adicionados.
2022-03-24 11:40:06,814 INFO [main] - Times adicionados.
2022-03-24 11:40:06,815 INFO [main] - Times adicionados.
2022-03-24 11:40:06,815 INFO [main] - Times adicionados.
2022-03-24 11:40:06,815 INFO [main] - Times adicionados.
2022-03-24 11:40:06,816 INFO [main] - Times adicionados.
2022-03-24 11:40:06,816 INFO [main] - Times adicionados.
2022-03-24 11:40:06,816 INFO [main] - Times adicionados.
2022-03-24 11:40:06,816 INFO [main] - Times adicionados.
2022-03-24 11:40:06,817 INFO [main] - Times adicionados.
2022-03-24 11:40:06,817 INFO [main] - Times adicionados.
2022-03-24 11:40:06,817 INFO [main] - Times adicionados.
2022-03-24 11:40:06,817 INFO [main] - Times adicionados.
2022-03-24 11:40:06,818 INFO [main] - Times adicionados.
2022-03-24 11:40:06,818 INFO [main] - Times adicionados.
2022-03-24 11:40:06,818 INFO [main] - Times adicionados.
2022-03-24 11:40:06,818 INFO [main] - Times adicionados.
2022-03-24 11:40:06,819 INFO [main] - Times adicionados.
2022-03-24 11:40:06,819 INFO [main] - Times adicionados.
2022-03-24 11:40:06,819 INFO [main] - Times adicionados.
2022-03-24 11:40:06,819 INFO [main] - Times adicionados.
2022-03-24 11:40:06,819 INFO [main] - Times adicionados.
2022-03-24 11:40:06,820 INFO [main] - Times adicionados.
2022-03-24 11:40:06,820 INFO [main] - Times adicionados.
2022-03-24 11:40:06,820 INFO [main] - Times adicionados.
2022-03-24 11:40:06,821 INFO [main] - Times adicionados.
2022-03-24 11:40:06,822 INFO [main] - Mostrando classificação.
2022-03-24 11:40:06,822 INFO [main] - Mostrando tabela.
2022-03-24 11:40:06,829 INFO [main] - Tabela apresentada.
2022-03-24 11:40:17,713 INFO [main] - Inserindo times.
2022-03-24 11:40:17,714 INFO [main] - Times adicionados.
2022-03-24 11:40:17,714 INFO [main] - Times adicionados.
2022-03-24 11:40:17,715 INFO [main] - Times adicionados.
2022-03-24 11:40:17,715 INFO [main] - Times adicionados.
2022-03-24 11:40:17,715 INFO [main] - Times adicionados.
2022-03-24 11:40:17,715 INFO [main] - Times adicionados.
2022-03-24 11:40:17,716 INFO [main] - Times adicionados.
2022-03-24 11:40:17,716 INFO [main] - Times adicionados.
2022-03-24 11:40:17,717 INFO [main] - Times adicionados.
2022-03-24 11:40:17,717 INFO [main] - Times adicionados.
2022-03-24 11:40:17,717 INFO [main] - Times adicionados.
2022-03-24 11:40:17,717 INFO [main] - Times adicionados.
2022-03-24 11:40:17,718 INFO [main] - Times adicionados.
2022-03-24 11:40:17,718 INFO [main] - Times adicionados.
2022-03-24 11:40:17,718 INFO [main] - Times adicionados.
2022-03-24 11:40:17,718 INFO [main] - Times adicionados.
2022-03-24 11:40:17,718 INFO [main] - Times adicionados.
2022-03-24 11:40:17,719 INFO [main] - Times adicionados.
2022-03-24 11:40:17,719 INFO [main] - Times adicionados.
2022-03-24 11:40:17,719 INFO [main] - Times adicionados.
2022-03-24 11:40:17,719 INFO [main] - Times adicionados.
2022-03-24 11:40:17,720 INFO [main] - Times adicionados.
2022-03-24 11:40:17,720 INFO [main] - Times adicionados.
2022-03-24 11:40:17,720 INFO [main] - Times adicionados.
2022-03-24 11:40:17,720 INFO [main] - Times adicionados.
2022-03-24 11:40:17,721 INFO [main] - Times adicionados.
2022-03-24 11:40:17,721 INFO [main] - Times adicionados.
2022-03-24 11:40:17,721 INFO [main] - Times adicionados.
2022-03-24 11:40:17,721 INFO [main] - Times adicionados.
2022-03-24 11:40:17,722 INFO [main] - Times adicionados.
2022-03-24 11:40:17,723 INFO [main] - Mostrando classificação.
2022-03-24 11:40:17,723 INFO [main] - Mostrando tabela.
2022-03-24 11:40:17,729 INFO [main] - Tabela apresentada.
2022-03-24 11:41:14,556 INFO [main] - Inserindo times.
2022-03-24 11:41:14,558 INFO [main] - Times adicionados.
2022-03-24 11:41:14,558 INFO [main] - Times adicionados.
2022-03-24 11:41:14,559 INFO [main] - Times adicionados.
2022-03-24 11:41:14,559 INFO [main] - Times adicionados.
2022-03-24 11:41:14,559 INFO [main] - Times adicionados.
2022-03-24 11:41:14,559 INFO [main] - Times adicionados.
2022-03-24 11:41:14,559 INFO [main] - Times adicionados.
2022-03-24 11:41:14,559 INFO [main] - Times adicionados.
2022-03-24 11:41:14,560 INFO [main] - Times adicionados.
2022-03-24 11:41:14,560 INFO [main] - Times adicionados.
2022-03-24 11:41:14,560 INFO [main] - Times adicionados.
2022-03-24 11:41:14,560 INFO [main] - Times adicionados.
2022-03-24 11:41:14,560 INFO [main] - Times adicionados.
2022-03-24 11:41:14,560 INFO [main] - Times adicionados.
2022-03-24 11:41:14,560 INFO [main] - Times adicionados.
2022-03-24 11:41:14,561 INFO [main] - Times adicionados.
2022-03-24 11:41:14,561 INFO [main] - Times adicionados.
2022-03-24 11:41:14,561 INFO [main] - Times adicionados.
2022-03-24 11:41:14,561 INFO [main] - Times adicionados.
2022-03-24 11:41:14,561 INFO [main] - Times adicionados.
2022-03-24 11:41:14,561 INFO [main] - Times adicionados.
2022-03-24 11:41:14,561 INFO [main] - Times adicionados.
2022-03-24 11:41:14,562 INFO [main] - Times adicionados.
2022-03-24 11:41:14,562 INFO [main] - Times adicionados.
2022-03-24 11:41:14,562 INFO [main] - Times adicionados.
2022-03-24 11:41:14,562 INFO [main] - Times adicionados.
2022-03-24 11:41:14,562 INFO [main] - Times adicionados.
2022-03-24 11:41:14,562 INFO [main] - Times adicionados.
2022-03-24 11:41:14,563 INFO [main] - Times adicionados.
2022-03-24 11:41:14,563 INFO [main] - Times adicionados.
2022-03-24 11:41:14,564 INFO [main] - Mostrando classificação.
2022-03-24 11:41:14,565 INFO [main] - Mostrando tabela.
2022-03-24 11:41:14,576 INFO [main] - Tabela apresentada.
2022-03-24 11:41:43,895 INFO [main] - Inserindo times.
2022-03-24 11:41:43,897 INFO [main] - Times adicionados.
2022-03-24 11:41:43,897 INFO [main] - Times adicionados.
2022-03-24 11:41:43,897 INFO [main] - Times adicionados.
2022-03-24 11:41:43,897 INFO [main] - Times adicionados.
2022-03-24 11:41:43,898 INFO [main] - Times adicionados.
2022-03-24 11:41:43,898 INFO [main] - Times adicionados.
2022-03-24 11:41:43,898 INFO [main] - Times adicionados.
2022-03-24 11:41:43,898 INFO [main] - Times adicionados.
2022-03-24 11:41:43,898 INFO [main] - Times adicionados.
2022-03-24 11:41:43,898 INFO [main] - Times adicionados.
2022-03-24 11:41:43,899 INFO [main] - Times adicionados.
2022-03-24 11:41:43,899 INFO [main] - Times adicionados.
2022-03-24 11:41:43,899 INFO [main] - Times adicionados.
2022-03-24 11:41:43,899 INFO [main] - Times adicionados.
2022-03-24 11:41:43,899 INFO [main] - Times adicionados.
2022-03-24 11:41:43,899 INFO [main] - Times adicionados.
2022-03-24 11:41:43,900 INFO [main] - Times adicionados.
2022-03-24 11:41:43,900 INFO [main] - Times adicionados.
2022-03-24 11:41:43,900 INFO [main] - Times adicionados.
2022-03-24 11:41:43,900 INFO [main] - Times adicionados.
2022-03-24 11:41:43,900 INFO [main] - Times adicionados.
2022-03-24 11:41:43,900 INFO [main] - Times adicionados.
2022-03-24 11:41:43,901 INFO [main] - Times adicionados.
2022-03-24 11:41:43,901 INFO [main] - Times adicionados.
2022-03-24 11:41:43,901 INFO [main] - Times adicionados.
2022-03-24 11:41:43,901 INFO [main] - Times adicionados.
2022-03-24 11:41:43,901 INFO [main] - Times adicionados.
2022-03-24 11:41:43,901 INFO [main] - Times adicionados.
2022-03-24 11:41:43,901 INFO [main] - Times adicionados.
2022-03-24 11:41:43,902 INFO [main] - Times adicionados.
2022-03-24 11:41:43,904 INFO [main] - Mostrando classificação.
2022-03-24 11:41:43,904 INFO [main] - Mostrando tabela.
2022-03-24 11:41:43,923 INFO [main] - Tabela apresentada.
2022-03-24 11:45:53,192 INFO [main] - Inserindo times.
2022-03-24 11:45:53,193 INFO [main] - Times adicionados.
2022-03-24 11:45:53,194 INFO [main] - Times adicionados.
2022-03-24 11:45:53,194 INFO [main] - Times adicionados.
2022-03-24 11:45:53,194 INFO [main] - Times adicionados.
2022-03-24 11:45:53,194 INFO [main] - Times adicionados.
2022-03-24 11:45:53,194 INFO [main] - Times adicionados.
2022-03-24 11:45:53,195 INFO [main] - Times adicionados.
2022-03-24 11:45:53,195 INFO [main] - Times adicionados.
2022-03-24 11:45:53,195 INFO [main] - Times adicionados.
2022-03-24 11:45:53,196 INFO [main] - Times adicionados.
2022-03-24 11:45:53,196 INFO [main] - Times adicionados.
2022-03-24 11:45:53,196 INFO [main] - Times adicionados.
2022-03-24 11:45:53,197 INFO [main] - Times adicionados.
2022-03-24 11:45:53,197 INFO [main] - Times adicionados.
2022-03-24 11:45:53,197 INFO [main] - Times adicionados.
2022-03-24 11:45:53,197 INFO [main] - Times adicionados.
2022-03-24 11:45:53,198 INFO [main] - Times adicionados.
2022-03-24 11:45:53,198 INFO [main] - Times adicionados.
2022-03-24 11:45:53,198 INFO [main] - Times adicionados.
2022-03-24 11:45:53,198 INFO [main] - Times adicionados.
2022-03-24 11:45:53,198 INFO [main] - Times adicionados.
2022-03-24 11:45:53,199 INFO [main] - Times adicionados.
2022-03-24 11:45:53,199 INFO [main] - Times adicionados.
2022-03-24 11:45:53,199 INFO [main] - Times adicionados.
2022-03-24 11:45:53,199 INFO [main] - Times adicionados.
2022-03-24 11:45:53,200 INFO [main] - Times adicionados.
2022-03-24 11:45:53,200 INFO [main] - Times adicionados.
2022-03-24 11:45:53,200 INFO [main] - Times adicionados.
2022-03-24 11:45:53,200 INFO [main] - Times adicionados.
2022-03-24 11:45:53,201 INFO [main] - Times adicionados.
2022-03-24 11:45:53,203 INFO [main] - Mostrando classificação.
2022-03-24 11:45:53,203 INFO [main] - Mostrando tabela.
2022-03-24 11:45:53,214 INFO [main] - Tabela apresentada.
2022-03-24 11:45:56,621 INFO [main] - Inserindo times.
2022-03-24 11:45:56,621 INFO [main] - Times adicionados.
2022-03-24 11:45:56,622 INFO [main] - Times adicionados.
2022-03-24 11:45:56,622 INFO [main] - Times adicionados.
2022-03-24 11:45:56,622 INFO [main] - Times adicionados.
2022-03-24 11:45:56,622 INFO [main] - Times adicionados.
2022-03-24 11:45:56,622 INFO [main] - Times adicionados.
2022-03-24 11:45:56,622 INFO [main] - Times adicionados.
2022-03-24 11:45:56,623 INFO [main] - Times adicionados.
2022-03-24 11:45:56,623 INFO [main] - Times adicionados.
2022-03-24 11:45:56,623 INFO [main] - Times adicionados.
2022-03-24 11:45:56,623 INFO [main] - Times adicionados.
2022-03-24 11:45:56,623 INFO [main] - Times adicionados.
2022-03-24 11:45:56,623 INFO [main] - Times adicionados.
2022-03-24 11:45:56,624 INFO [main] - Times adicionados.
2022-03-24 11:45:56,624 INFO [main] - Times adicionados.
2022-03-24 11:45:56,624 INFO [main] - Times adicionados.
2022-03-24 11:45:56,624 INFO [main] - Times adicionados.
2022-03-24 11:45:56,624 INFO [main] - Times adicionados.
2022-03-24 11:45:56,624 INFO [main] - Times adicionados.
2022-03-24 11:45:56,625 INFO [main] - Times adicionados.
2022-03-24 11:45:56,625 INFO [main] - Times adicionados.
2022-03-24 11:45:56,625 INFO [main] - Times adicionados.
2022-03-24 11:45:56,625 INFO [main] - Times adicionados.
2022-03-24 11:45:56,625 INFO [main] - Times adicionados.
2022-03-24 11:45:56,625 INFO [main] - Times adicionados.
2022-03-24 11:45:56,626 INFO [main] - Times adicionados.
2022-03-24 11:45:56,626 INFO [main] - Times adicionados.
2022-03-24 11:45:56,626 INFO [main] - Times adicionados.
2022-03-24 11:45:56,626 INFO [main] - Times adicionados.
2022-03-24 11:45:56,626 INFO [main] - Times adicionados.
2022-03-24 11:45:56,627 INFO [main] - Mostrando classificação.
2022-03-24 11:45:56,627 INFO [main] - Mostrando tabela.
2022-03-24 11:45:56,632 INFO [main] - Tabela apresentada.
