2022-03-24 23:23:01,505 INFO [main] - Iniciando inserção de times
2022-03-24 23:23:01,505 INFO [main] - Inserindo times da conferencia leste - atlantico
2022-03-24 23:23:01,506 INFO [main] - Inserindo times da conferencia norte - atlantico finalizada
2022-03-24 23:23:01,506 INFO [main] - Times adicionados.
2022-03-24 23:23:01,506 INFO [main] - Inserindo times da conferencia leste - atlantico
2022-03-24 23:23:01,506 INFO [main] - Inserindo times da conferencia norte - atlantico finalizada
2022-03-24 23:23:01,506 INFO [main] - Times adicionados.
2022-03-24 23:23:01,506 INFO [main] - Inserindo times da conferencia leste - atlantico
2022-03-24 23:23:01,507 INFO [main] - Inserindo times da conferencia norte - atlantico finalizada
2022-03-24 23:23:01,507 INFO [main] - Times adicionados.
2022-03-24 23:23:01,507 INFO [main] - Inserindo times da conferencia leste - atlantico
2022-03-24 23:23:01,507 INFO [main] - Inserindo times da conferencia norte - atlantico finalizada
2022-03-24 23:23:01,507 INFO [main] - Times adicionados.
2022-03-24 23:23:01,507 INFO [main] - Inserindo times da conferencia leste - atlantico
2022-03-24 23:23:01,507 INFO [main] - Inserindo times da conferencia norte - atlantico finalizada
2022-03-24 23:23:01,507 INFO [main] - Times adicionados.
2022-03-24 23:23:01,507 INFO [main] - Inserindo times da conferencia leste - central
2022-03-24 23:23:01,507 INFO [main] - Inserindo times da conferencia leste - central finalizada
2022-03-24 23:23:01,507 INFO [main] - Times adicionados.
2022-03-24 23:23:01,507 INFO [main] - Inserindo times da conferencia leste - central
2022-03-24 23:23:01,507 INFO [main] - Inserindo times da conferencia leste - central finalizada
2022-03-24 23:23:01,507 INFO [main] - Times adicionados.
2022-03-24 23:23:01,507 INFO [main] - Inserindo times da conferencia leste - central
2022-03-24 23:23:01,508 INFO [main] - Inserindo times da conferencia leste - central finalizada
2022-03-24 23:23:01,508 INFO [main] - Times adicionados.
2022-03-24 23:23:01,508 INFO [main] - Inserindo times da conferencia leste - central
2022-03-24 23:23:01,508 INFO [main] - Inserindo times da conferencia leste - central finalizada
2022-03-24 23:23:01,508 INFO [main] - Times adicionados.
2022-03-24 23:23:01,508 INFO [main] - Inserindo times da conferencia leste - central
2022-03-24 23:23:01,508 INFO [main] - Inserindo times da conferencia leste - central finalizada
2022-03-24 23:23:01,508 INFO [main] - Times adicionados.
2022-03-24 23:23:01,508 INFO [main] - Inserindo times da conferencia leste - sudeste
2022-03-24 23:23:01,508 INFO [main] - Inserindo times da conferencia leste - sudeste finalizada
2022-03-24 23:23:01,508 INFO [main] - Times adicionados.
2022-03-24 23:23:01,509 INFO [main] - Inserindo times da conferencia leste - sudeste
2022-03-24 23:23:01,509 INFO [main] - Inserindo times da conferencia leste - sudeste finalizada
2022-03-24 23:23:01,509 INFO [main] - Times adicionados.
2022-03-24 23:23:01,509 INFO [main] - Inserindo times da conferencia leste - sudeste
2022-03-24 23:23:01,509 INFO [main] - Inserindo times da conferencia leste - sudeste finalizada
2022-03-24 23:23:01,509 INFO [main] - Times adicionados.
2022-03-24 23:23:01,509 INFO [main] - Inserindo times da conferencia leste - sudeste
2022-03-24 23:23:01,509 INFO [main] - Inserindo times da conferencia leste - sudeste finalizada
2022-03-24 23:23:01,509 INFO [main] - Times adicionados.
2022-03-24 23:23:01,509 INFO [main] - Inserindo times da conferencia leste - sudeste
2022-03-24 23:23:01,510 INFO [main] - Inserindo times da conferencia leste - sudeste finalizada
2022-03-24 23:23:01,510 INFO [main] - Times adicionados.
2022-03-24 23:23:01,510 INFO [main] - Inserindo times da conferencia oeste - noroeste
2022-03-24 23:23:01,510 INFO [main] - Inserindo times da conferencia oeste - noroeste finalizada
2022-03-24 23:23:01,510 INFO [main] - Times adicionados.
2022-03-24 23:23:01,510 INFO [main] - Inserindo times da conferencia oeste - noroeste
2022-03-24 23:23:01,510 INFO [main] - Inserindo times da conferencia oeste - noroeste finalizada
2022-03-24 23:23:01,510 INFO [main] - Times adicionados.
2022-03-24 23:23:01,510 INFO [main] - Inserindo times da conferencia oeste - noroeste
2022-03-24 23:23:01,510 INFO [main] - Inserindo times da conferencia oeste - noroeste finalizada
2022-03-24 23:23:01,510 INFO [main] - Times adicionados.
2022-03-24 23:23:01,511 INFO [main] - Inserindo times da conferencia oeste - noroeste
2022-03-24 23:23:01,511 INFO [main] - Inserindo times da conferencia oeste - noroeste finalizada
2022-03-24 23:23:01,511 INFO [main] - Times adicionados.
2022-03-24 23:23:01,511 INFO [main] - Inserindo times da conferencia oeste - noroeste
2022-03-24 23:23:01,511 INFO [main] - Inserindo times da conferencia oeste - noroeste finalizada
2022-03-24 23:23:01,511 INFO [main] - Times adicionados.
2022-03-24 23:23:01,511 INFO [main] - Inserindo times da conferencia oeste - pacifico
2022-03-24 23:23:01,511 INFO [main] - Inserindo times da conferencia oeste - pacifico finalizada
2022-03-24 23:23:01,511 INFO [main] - Times adicionados.
2022-03-24 23:23:01,511 INFO [main] - Inserindo times da conferencia oeste - pacifico
2022-03-24 23:23:01,511 INFO [main] - Inserindo times da conferencia oeste - pacifico finalizada
2022-03-24 23:23:01,512 INFO [main] - Times adicionados.
2022-03-24 23:23:01,512 INFO [main] - Inserindo times da conferencia oeste - pacifico
2022-03-24 23:23:01,512 INFO [main] - Inserindo times da conferencia oeste - pacifico finalizada
2022-03-24 23:23:01,512 INFO [main] - Times adicionados.
2022-03-24 23:23:01,512 INFO [main] - Inserindo times da conferencia oeste - pacifico
2022-03-24 23:23:01,512 INFO [main] - Inserindo times da conferencia oeste - pacifico finalizada
2022-03-24 23:23:01,512 INFO [main] - Times adicionados.
2022-03-24 23:23:01,512 INFO [main] - Inserindo times da conferencia oeste - pacifico
2022-03-24 23:23:01,512 INFO [main] - Inserindo times da conferencia oeste - pacifico finalizada
2022-03-24 23:23:01,512 INFO [main] - Times adicionados.
2022-03-24 23:23:01,512 INFO [main] - Inserindo times da conferencia oeste - sudoeste
2022-03-24 23:23:01,513 INFO [main] - Inserindo times da conferencia oeste - pacifico finalizada
2022-03-24 23:23:01,513 INFO [main] - Times adicionados.
2022-03-24 23:23:01,513 INFO [main] - Inserindo times da conferencia oeste - sudoeste
2022-03-24 23:23:01,513 INFO [main] - Inserindo times da conferencia oeste - pacifico finalizada
2022-03-24 23:23:01,513 INFO [main] - Times adicionados.
2022-03-24 23:23:01,513 INFO [main] - Inserindo times da conferencia oeste - sudoeste
2022-03-24 23:23:01,513 INFO [main] - Inserindo times da conferencia oeste - pacifico finalizada
2022-03-24 23:23:01,513 INFO [main] - Times adicionados.
2022-03-24 23:23:01,513 INFO [main] - Inserindo times da conferencia oeste - sudoeste
2022-03-24 23:23:01,513 INFO [main] - Inserindo times da conferencia oeste - pacifico finalizada
2022-03-24 23:23:01,514 INFO [main] - Times adicionados.
2022-03-24 23:23:01,514 INFO [main] - Inserindo times da conferencia oeste - sudoeste
2022-03-24 23:23:01,514 INFO [main] - Inserindo times da conferencia oeste - pacifico finalizada
2022-03-24 23:23:01,514 INFO [main] - Times adicionados.
2022-03-24 23:23:01,515 INFO [main] - Busca pelo ano da tabela
2022-03-24 23:23:01,516 INFO [main] - Ano da tabela definido
2022-03-24 23:23:01,565 INFO [main] - Mostrando classificação.
2022-03-24 23:23:01,566 INFO [main] - Mostrando tabela.
2022-03-24 23:23:01,577 INFO [main] - Tabela apresentada.
2022-03-24 23:23:12,962 INFO [main] - Tentando conexão com Banco de Jogadores.
2022-03-24 23:23:13,020 INFO [main] - Conexão realizada
2022-03-24 23:23:15,380 INFO [main] - Tentando conexão com Banco de Jogadores.
2022-03-24 23:23:15,454 INFO [main] - Conexão realizada
